<!DOCTYPE html><html><head><link rel="stylesheet" type="text/css" href="html.css"></head><div class="page"><div class="container"><div><img src="placeholder.com-logo1.jpg" alt=" " height=50px width=auto></div></div><br><br><div class="container"><div><h2>Overview</h2><hr><table id="t02"><tr><td><b>Project Name</b></td><td>CountryInfoService</td><tr><td><b>Project Description</b></td><td>Simple Test Project designed to show features of a new reporting tool.</td></table></div></div><br><br><br><br><br><br><br><div class="container"><div style="text-align:center"><img src="piechart.png" alt=" " height=auto width=auto></div><div style="text-align:center"><img src="piechart2.png" alt=" " height=auto width=auto></div></div><div class="container"><div><h2>Result Metrics</h2><hr><table id="t01"><tr><th>Result Metrics</th></tr><tr><td><img src="clock.png" alt=" " height=auto width=auto>   Time started</td><td>2019-03-18 12:52:35</td></tr><tr><td><img src="clock.png" alt=" " height=auto width=auto>   Time ended</td><td>2019-03-18 12:52:39</td></tr><tr><td><img src="clock.png" alt=" " height=auto width=auto>   Time taken</td><td>981ms</td></tr><tr><td><img src="clipboard-symbol.png" alt=" " height=auto width=auto>   Total Test Suites</td><td>1</td></tr><tr><td><img src="clipboard-symbol.png" alt=" " height=auto width=2auto>   Total Test Cases</td><td>7 (1 failed)</td></tr><tr><td><img src="clipboard-symbol.png" alt=" " height=auto width=auto>   Total Test Steps</td><td>7</td></tr><tr><td><img src="clipboard-symbol.png" alt=" " height=auto width=auto>    Total Request Assertions</td><td>6</td></tr><tr><td><img src="clipboard-symbol.png" alt=" " height=auto width=auto>    Total Failed Assertions</td><td>1</td></tr><tr><td><img src="clipboard-symbol.png" alt=" " height=auto width=auto>   Total Exported Results</td><td>7</td></tr></table></div></div><div class="container"><div><h2>TestCases</h2><hr><table><tr><th>Status</th><th>Test Case</th><th>Time taken(ms)</th></tr><tr><td bgcolor="#00FF00" style="width: 0%; white-space: nowrap;">OK</td><td>CapitalCity TestCase</td><td> 235</td></tr><tr><td bgcolor="#FF0000" style="width: 0%; white-space: nowrap;">FAILED</td><td>CountriesUsingCurrency TestCase</td><td> 100</td></tr><tr><td bgcolor="#00FF00" style="width: 0%; white-space: nowrap;">OK</td><td>CountryCurrency TestCase</td><td> 251</td></tr><tr><td bgcolor="#00FF00" style="width: 0%; white-space: nowrap;">OK</td><td>CountryFlag TestCase</td><td> 76</td></tr><tr><td bgcolor="#00FF00" style="width: 0%; white-space: nowrap;">OK</td><td>CountryIntPhoneCode TestCase</td><td> 86</td></tr><tr><td bgcolor="#00FF00" style="width: 0%; white-space: nowrap;">OK</td><td>CountryISOCode TestCase</td><td> 85</td></tr><tr><td bgcolor="#00FF00" style="width: 0%; white-space: nowrap;">OK</td><td>CountryName TestCase</td><td> 91</td></tr></table></div></div><div class="container"><div><h2>TestSuite progress</h2><hr><table><tr><th>Time</th><th>Message</th></tr><tr><td>12:52:38,242</td><td> Running SoapUI tests in project [CountryInfoService]</td></tr><tr><td>12:52:38,242</td><td> Running TestSuite [CountryInfoServiceSoapBinding12 TestSuite], runType = SEQUENTIAL</td></tr><tr><td>12:52:38,248</td><td> Running SoapUI testcase [CapitalCity TestCase]</td></tr><tr><td>12:52:38,251</td><td> running step [CapitalCity]</td></tr><tr><td>12:52:38,489</td><td> Assertion [Contains] has status VALID</td></tr><tr><td>12:52:38,495</td><td> Finished running SoapUI testcase [CapitalCity TestCase], time taken: 235ms, status: FINISHED</td></tr><tr><td>12:52:38,496</td><td> Running SoapUI testcase [CountriesUsingCurrency TestCase]</td></tr><tr><td>12:52:38,496</td><td> running step [CountriesUsingCurrency]</td></tr><tr><td>12:52:38,597</td><td> Assertion [Contains] has status FAILED</td></tr><tr><td>12:52:38,597</td><td> ASSERTION FAILED -> Missing token [Poland] in Response</td></tr><tr><td>12:52:38,597</td><td> CountriesUsingCurrency failed, exporting to [C:\Users\Daniel\Desktop\reports\Reports\CountryInfoServiceSoapBinding12_TestSuite-CountriesUsingCurrency_TestCase-CountriesUsingCurrency-0-FAILED.txt]</td></tr><tr><td>12:52:38,602</td><td> Finished running SoapUI testcase [CountriesUsingCurrency TestCase], time taken: 100ms, status: FAILED</td></tr><tr><td>12:52:38,602</td><td> Running SoapUI testcase [CountryCurrency TestCase]</td></tr><tr><td>12:52:38,602</td><td> running step [CountryCurrency]</td></tr><tr><td>12:52:38,854</td><td> Assertion [Contains] has status VALID</td></tr><tr><td>12:52:38,854</td><td> Assertion [XPath Match] has status VALID</td></tr><tr><td>12:52:38,856</td><td> Finished running SoapUI testcase [CountryCurrency TestCase], time taken: 251ms, status: FINISHED</td></tr><tr><td>12:52:38,857</td><td> Running SoapUI testcase [CountryFlag TestCase]</td></tr><tr><td>12:52:38,857</td><td> running step [CountryFlag]</td></tr><tr><td>12:52:38,933</td><td> Assertion [XPath Match] has status VALID</td></tr><tr><td>12:52:38,937</td><td> Finished running SoapUI testcase [CountryFlag TestCase], time taken: 76ms, status: FINISHED</td></tr><tr><td>12:52:38,938</td><td> Running SoapUI testcase [CountryIntPhoneCode TestCase]</td></tr><tr><td>12:52:38,938</td><td> running step [CountryIntPhoneCode]</td></tr><tr><td>12:52:39,025</td><td> Assertion [XPath Match] has status VALID</td></tr><tr><td>12:52:39,028</td><td> Finished running SoapUI testcase [CountryIntPhoneCode TestCase], time taken: 86ms, status: FINISHED</td></tr><tr><td>12:52:39,029</td><td> Running SoapUI testcase [CountryISOCode TestCase]</td></tr><tr><td>12:52:39,029</td><td> running step [CountryISOCode]</td></tr><tr><td>12:52:39,120</td><td> Finished running SoapUI testcase [CountryISOCode TestCase], time taken: 85ms, status: FINISHED</td></tr><tr><td>12:52:39,121</td><td> Running SoapUI testcase [CountryName TestCase]</td></tr><tr><td>12:52:39,121</td><td> running step [CountryName]</td></tr><tr><td>12:52:39,222</td><td> Finished running SoapUI testcase [CountryName TestCase], time taken: 91ms, status: FINISHED</td></tr><tr><td>12:52:39,222</td><td> TestSuite [CountryInfoServiceSoapBinding12 TestSuite] finished with status [FAILED] in 977ms</td></tr></table></div></div></div></div></html>